0 info it worked if it ends with ok
1 verbose cli [ '/home/eli/local/bin/node',
1 verbose cli   '/home/eli/local/bin/npm',
1 verbose cli   'install',
1 verbose cli   '--global',
1 verbose cli   'node-ws' ]
2 info using npm@1.4.28
3 info using node@v0.10.35
4 verbose cache add [ 'node-ws', null ]
5 verbose cache add name=undefined spec="node-ws" args=["node-ws",null]
6 verbose parsed url { protocol: null,
6 verbose parsed url   slashes: null,
6 verbose parsed url   auth: null,
6 verbose parsed url   host: null,
6 verbose parsed url   port: null,
6 verbose parsed url   hostname: null,
6 verbose parsed url   hash: null,
6 verbose parsed url   search: null,
6 verbose parsed url   query: null,
6 verbose parsed url   pathname: 'node-ws',
6 verbose parsed url   path: 'node-ws',
6 verbose parsed url   href: 'node-ws' }
7 silly lockFile 6f07ea6e-node-ws node-ws
8 verbose lock node-ws /home/eli/.npm/6f07ea6e-node-ws.lock
9 silly lockFile 6f07ea6e-node-ws node-ws
10 silly lockFile 6f07ea6e-node-ws node-ws
11 verbose addNamed [ 'node-ws', '' ]
12 verbose addNamed [ null, '*' ]
13 silly lockFile df4bc413-node-ws node-ws@
14 verbose lock node-ws@ /home/eli/.npm/df4bc413-node-ws.lock
15 silly addNameRange { name: 'node-ws', range: '*', hasData: false }
16 verbose request where is /node-ws
17 verbose request registry https://registry.npmjs.org/
18 verbose request id 42ec5b8f0566261a
19 verbose url raw /node-ws
20 verbose url resolving [ 'https://registry.npmjs.org/', './node-ws' ]
21 verbose url resolved https://registry.npmjs.org/node-ws
22 verbose request where is https://registry.npmjs.org/node-ws
23 info trying registry request attempt 1 at 05:08:59
24 http GET https://registry.npmjs.org/node-ws
25 http 404 https://registry.npmjs.org/node-ws
26 verbose headers { date: 'Wed, 07 Jan 2015 11:08:59 GMT',
26 verbose headers   server: 'CouchDB/1.5.0 (Erlang OTP/R16B03)',
26 verbose headers   'content-type': 'application/json',
26 verbose headers   'cache-control': 'max-age=0',
26 verbose headers   'content-length': '52',
26 verbose headers   'accept-ranges': 'bytes',
26 verbose headers   via: '1.1 varnish',
26 verbose headers   age: '0',
26 verbose headers   'x-served-by': 'cache-dfw1822-DFW',
26 verbose headers   'x-cache': 'MISS',
26 verbose headers   'x-cache-hits': '0',
26 verbose headers   'x-timer': 'S1420628939.246567,VS0,VE265',
26 verbose headers   'keep-alive': 'timeout=10, max=50',
26 verbose headers   connection: 'Keep-Alive' }
27 silly registry.get cb [ 404,
27 silly registry.get   { date: 'Wed, 07 Jan 2015 11:08:59 GMT',
27 silly registry.get     server: 'CouchDB/1.5.0 (Erlang OTP/R16B03)',
27 silly registry.get     'content-type': 'application/json',
27 silly registry.get     'cache-control': 'max-age=0',
27 silly registry.get     'content-length': '52',
27 silly registry.get     'accept-ranges': 'bytes',
27 silly registry.get     via: '1.1 varnish',
27 silly registry.get     age: '0',
27 silly registry.get     'x-served-by': 'cache-dfw1822-DFW',
27 silly registry.get     'x-cache': 'MISS',
27 silly registry.get     'x-cache-hits': '0',
27 silly registry.get     'x-timer': 'S1420628939.246567,VS0,VE265',
27 silly registry.get     'keep-alive': 'timeout=10, max=50',
27 silly registry.get     connection: 'Keep-Alive' } ]
28 silly lockFile df4bc413-node-ws node-ws@
29 silly lockFile df4bc413-node-ws node-ws@
30 error 404 404 Not Found: node-ws
30 error 404
30 error 404 'node-ws' is not in the npm registry.
30 error 404 You should bug the author to publish it
30 error 404
30 error 404 Maybe try 'npm search ws'
30 error 404
30 error 404 Note that you can also install from a
30 error 404 tarball, folder, or http url, or git url.
31 error System Linux 3.16.0-28-generic
32 error command "/home/eli/local/bin/node" "/home/eli/local/bin/npm" "install" "--global" "node-ws"
33 error cwd /home/eli/Desktop/foiaApp
34 error node -v v0.10.35
35 error npm -v 1.4.28
36 error code E404
37 verbose exit [ 1, true ]
